2025-12-05 22:47:43.580 INFO  c.k.k.c.l.logback.LogbackConfigurator    - Logback default configuration initialized from: C:\Users\asus2\.katalon\packages\KSE-10.4.0\configuration\org.eclipse.osgi\131\0\.cp\resources\logback\logback-execution.xml
2025-12-05 22:47:43.585 INFO  c.k.k.c.l.logback.LogbackConfigurator    - Logback custom configuration initialized from: C:\Users\asus2\Katalon Studio\web2-jolie-main\Include\config\log.properties
2025-12-05 22:47:43.833 INFO  c.k.katalon.core.main.TestSuiteExecutor  - START Test Suites/register and login
2025-12-05 22:47:44.008 INFO  c.k.katalon.core.main.TestSuiteExecutor  - userFullName = Jolie Felicia
2025-12-05 22:47:44.008 INFO  c.k.katalon.core.main.TestSuiteExecutor  - projectName = web2-jolie
2025-12-05 22:47:44.008 INFO  c.k.katalon.core.main.TestSuiteExecutor  - hostName = asus2 - Jolie
2025-12-05 22:47:44.013 INFO  c.k.katalon.core.main.TestSuiteExecutor  - os = Windows 11 64bit
2025-12-05 22:47:44.013 INFO  c.k.katalon.core.main.TestSuiteExecutor  - hostAddress = 192.168.100.4
2025-12-05 22:47:44.015 INFO  c.k.katalon.core.main.TestSuiteExecutor  - katalonVersion = 10.4.0.0
2025-12-05 22:47:44.798 INFO  c.k.katalon.core.main.TestCaseExecutor   - --------------------
2025-12-05 22:47:44.798 INFO  c.k.katalon.core.main.TestCaseExecutor   - START Test Cases/web testing/Bookstore (register, login, profile and bookstore)/Register In Book Store
2025-12-05 22:47:44.850 INFO  c.k.katalon.core.main.TestCaseExecutor   - firstname = Yuzuha
2025-12-05 22:47:44.855 INFO  c.k.katalon.core.main.TestCaseExecutor   - lastname = Usagi
2025-12-05 22:47:44.856 INFO  c.k.katalon.core.main.TestCaseExecutor   - username = usagiclimber
2025-12-05 22:47:44.857 INFO  c.k.katalon.core.main.TestCaseExecutor   - password = 123$abcD
2025-12-05 22:47:45.390 DEBUG testcase.Register In Book Store          - 1: openBrowser("")
2025-12-05 22:47:45.759 INFO  c.k.k.core.webui.driver.DriverFactory    - Starting 'Chrome' driver
2025-12-05 22:47:45.843 INFO  c.k.k.core.webui.driver.DriverFactory    - Action delay is set to 0 milliseconds
Dec 05, 2025 10:47:49 PM org.openqa.selenium.devtools.CdpVersionFinder findNearestMatch
WARNING: Unable to find an exact match for CDP version 142, returning the closest version; found: 138; Please update to a Selenium version that supports CDP version 142
2025-12-05 22:47:51.341 INFO  c.k.k.core.webui.driver.DriverFactory    - sessionId = 236f68c48b64d7ec25766f595383c015
2025-12-05 22:47:51.346 INFO  c.k.k.core.webui.driver.DriverFactory    - browser = Chrome 142.0.7444.177
2025-12-05 22:47:51.347 INFO  c.k.k.core.webui.driver.DriverFactory    - platform = Windows 11
2025-12-05 22:47:51.349 INFO  c.k.k.core.webui.driver.DriverFactory    - seleniumVersion = 4.28.1
2025-12-05 22:47:51.373 INFO  c.k.k.core.webui.driver.DriverFactory    - proxyInformation = ProxyInformation { proxyOption=NO_PROXY, proxyServerType=HTTP, username=, password=********, proxyServerAddress=, proxyServerPort=0, executionList="", isApplyToDesiredCapabilities=true }
2025-12-05 22:47:51.536 DEBUG testcase.Register In Book Store          - 2: navigateToUrl("https://demoqa.com/login")
2025-12-05 22:48:04.616 DEBUG testcase.Register In Book Store          - 3: click(findTestObject("Page_DEMOQA/register bookstore/button_newUser"))
2025-12-05 22:48:05.919 DEBUG testcase.Register In Book Store          - 4: setText(findTestObject("Page_DEMOQA/register bookstore/input_First Name"), firstname)
2025-12-05 22:48:07.190 DEBUG testcase.Register In Book Store          - 5: setText(findTestObject("Page_DEMOQA/register bookstore/input_Last Name"), lastname)
2025-12-05 22:48:08.220 DEBUG testcase.Register In Book Store          - 6: setText(findTestObject("Page_DEMOQA/register bookstore/input_UserName"), username)
2025-12-05 22:48:09.213 DEBUG testcase.Register In Book Store          - 7: setText(findTestObject("Page_DEMOQA/register bookstore/input_Password"), password)
2025-12-05 22:48:10.160 DEBUG testcase.Register In Book Store          - 8: click(findTestObject("Page_DEMOQA/register bookstore/iframe_a-w217fwb3njxv"))
2025-12-05 22:48:10.844 DEBUG testcase.Register In Book Store          - 9: switchToDefaultContent()
2025-12-05 22:48:10.965 DEBUG testcase.Register In Book Store          - 10: click(findTestObject("Page_DEMOQA/register bookstore/button_register"))
2025-12-05 22:48:11.559 INFO  c.k.katalon.core.main.TestCaseExecutor   - END Test Cases/web testing/Bookstore (register, login, profile and bookstore)/Register In Book Store
2025-12-05 22:48:11.727 INFO  c.k.katalon.core.main.TestCaseExecutor   - --------------------
2025-12-05 22:48:11.729 INFO  c.k.katalon.core.main.TestCaseExecutor   - START Test Cases/web testing/Bookstore (register, login, profile and bookstore)/Register In Book Store
2025-12-05 22:48:11.777 INFO  c.k.katalon.core.main.TestCaseExecutor   - firstname = Ryohei
2025-12-05 22:48:11.777 INFO  c.k.katalon.core.main.TestCaseExecutor   - lastname = Arisu
2025-12-05 22:48:11.777 INFO  c.k.katalon.core.main.TestCaseExecutor   - username = arisugamersboy
2025-12-05 22:48:11.777 INFO  c.k.katalon.core.main.TestCaseExecutor   - password = 1234354abcd
2025-12-05 22:48:11.787 DEBUG testcase.Register In Book Store          - 1: openBrowser("")
2025-12-05 22:48:11.800 WARN  c.k.k.core.webui.driver.DriverFactory    - A browser is already opened. Closing browser and opening a new one
2025-12-05 22:48:12.468 INFO  c.k.k.core.webui.driver.DriverFactory    - Starting 'Chrome' driver
2025-12-05 22:48:12.471 INFO  c.k.k.core.webui.driver.DriverFactory    - Action delay is set to 0 milliseconds
Dec 05, 2025 10:48:15 PM org.openqa.selenium.devtools.CdpVersionFinder findNearestMatch
WARNING: Unable to find an exact match for CDP version 142, returning the closest version; found: 138; Please update to a Selenium version that supports CDP version 142
2025-12-05 22:48:15.277 INFO  c.k.k.core.webui.driver.DriverFactory    - sessionId = 97ed545c263b6a067e191d8292f8ca78
2025-12-05 22:48:15.279 INFO  c.k.k.core.webui.driver.DriverFactory    - browser = Chrome 142.0.7444.177
2025-12-05 22:48:15.281 INFO  c.k.k.core.webui.driver.DriverFactory    - platform = Windows 11
2025-12-05 22:48:15.282 INFO  c.k.k.core.webui.driver.DriverFactory    - seleniumVersion = 4.28.1
2025-12-05 22:48:15.285 INFO  c.k.k.core.webui.driver.DriverFactory    - proxyInformation = ProxyInformation { proxyOption=NO_PROXY, proxyServerType=HTTP, username=, password=********, proxyServerAddress=, proxyServerPort=0, executionList="", isApplyToDesiredCapabilities=true }
2025-12-05 22:48:15.341 DEBUG testcase.Register In Book Store          - 2: navigateToUrl("https://demoqa.com/login")
2025-12-05 22:48:29.657 DEBUG testcase.Register In Book Store          - 3: click(findTestObject("Page_DEMOQA/register bookstore/button_newUser"))
2025-12-05 22:48:31.411 DEBUG testcase.Register In Book Store          - 4: setText(findTestObject("Page_DEMOQA/register bookstore/input_First Name"), firstname)
2025-12-05 22:48:33.326 DEBUG testcase.Register In Book Store          - 5: setText(findTestObject("Page_DEMOQA/register bookstore/input_Last Name"), lastname)
2025-12-05 22:48:34.244 DEBUG testcase.Register In Book Store          - 6: setText(findTestObject("Page_DEMOQA/register bookstore/input_UserName"), username)
2025-12-05 22:48:35.194 DEBUG testcase.Register In Book Store          - 7: setText(findTestObject("Page_DEMOQA/register bookstore/input_Password"), password)
2025-12-05 22:48:36.204 DEBUG testcase.Register In Book Store          - 8: click(findTestObject("Page_DEMOQA/register bookstore/iframe_a-w217fwb3njxv"))
2025-12-05 22:48:36.809 DEBUG testcase.Register In Book Store          - 9: switchToDefaultContent()
2025-12-05 22:48:36.868 DEBUG testcase.Register In Book Store          - 10: click(findTestObject("Page_DEMOQA/register bookstore/button_register"))
2025-12-05 22:48:37.403 INFO  c.k.katalon.core.main.TestCaseExecutor   - END Test Cases/web testing/Bookstore (register, login, profile and bookstore)/Register In Book Store
2025-12-05 22:48:37.415 INFO  c.k.katalon.core.main.TestCaseExecutor   - --------------------
2025-12-05 22:48:37.417 INFO  c.k.katalon.core.main.TestCaseExecutor   - START Test Cases/web testing/Bookstore (register, login, profile and bookstore)/login book store
2025-12-05 22:48:37.454 INFO  c.k.katalon.core.main.TestCaseExecutor   - username = usagiclimber
2025-12-05 22:48:37.455 INFO  c.k.katalon.core.main.TestCaseExecutor   - password = 123$abcD
2025-12-05 22:48:37.683 DEBUG testcase.login book store                - 1: openBrowser("")
2025-12-05 22:48:37.698 WARN  c.k.k.core.webui.driver.DriverFactory    - A browser is already opened. Closing browser and opening a new one
2025-12-05 22:48:38.046 INFO  c.k.k.core.webui.driver.DriverFactory    - Starting 'Chrome' driver
2025-12-05 22:48:38.049 INFO  c.k.k.core.webui.driver.DriverFactory    - Action delay is set to 0 milliseconds
Dec 05, 2025 10:48:40 PM org.openqa.selenium.devtools.CdpVersionFinder findNearestMatch
WARNING: Unable to find an exact match for CDP version 142, returning the closest version; found: 138; Please update to a Selenium version that supports CDP version 142
2025-12-05 22:48:40.624 INFO  c.k.k.core.webui.driver.DriverFactory    - sessionId = bcbc098ce069b01ffa0fe8f365a2f4bb
2025-12-05 22:48:40.627 INFO  c.k.k.core.webui.driver.DriverFactory    - browser = Chrome 142.0.7444.177
2025-12-05 22:48:40.627 INFO  c.k.k.core.webui.driver.DriverFactory    - platform = Windows 11
2025-12-05 22:48:40.629 INFO  c.k.k.core.webui.driver.DriverFactory    - seleniumVersion = 4.28.1
2025-12-05 22:48:40.631 INFO  c.k.k.core.webui.driver.DriverFactory    - proxyInformation = ProxyInformation { proxyOption=NO_PROXY, proxyServerType=HTTP, username=, password=********, proxyServerAddress=, proxyServerPort=0, executionList="", isApplyToDesiredCapabilities=true }
2025-12-05 22:48:40.675 DEBUG testcase.login book store                - 2: navigateToUrl("https://demoqa.com/login")
2025-12-05 22:48:53.030 DEBUG testcase.login book store                - 3: setText(findTestObject("Page_DEMOQA/register bookstore/input_UserName"), username)
2025-12-05 22:48:54.988 DEBUG testcase.login book store                - 4: setText(findTestObject("Page_DEMOQA/register bookstore/input_Password"), password)
2025-12-05 22:48:55.943 DEBUG testcase.login book store                - 5: click(findTestObject("Page_DEMOQA/register bookstore/button_Password_login"))
2025-12-05 22:48:56.478 INFO  c.k.katalon.core.main.TestCaseExecutor   - END Test Cases/web testing/Bookstore (register, login, profile and bookstore)/login book store
2025-12-05 22:48:56.488 INFO  c.k.katalon.core.main.TestCaseExecutor   - --------------------
2025-12-05 22:48:56.489 INFO  c.k.katalon.core.main.TestCaseExecutor   - START Test Cases/web testing/Bookstore (register, login, profile and bookstore)/login book store
2025-12-05 22:48:56.517 INFO  c.k.katalon.core.main.TestCaseExecutor   - username = arisugamersboy
2025-12-05 22:48:56.517 INFO  c.k.katalon.core.main.TestCaseExecutor   - password = 1234354abcd
2025-12-05 22:48:56.523 DEBUG testcase.login book store                - 1: openBrowser("")
2025-12-05 22:48:56.532 WARN  c.k.k.core.webui.driver.DriverFactory    - A browser is already opened. Closing browser and opening a new one
2025-12-05 22:48:56.895 INFO  c.k.k.core.webui.driver.DriverFactory    - Starting 'Chrome' driver
2025-12-05 22:48:56.898 INFO  c.k.k.core.webui.driver.DriverFactory    - Action delay is set to 0 milliseconds
Dec 05, 2025 10:48:59 PM org.openqa.selenium.devtools.CdpVersionFinder findNearestMatch
WARNING: Unable to find an exact match for CDP version 142, returning the closest version; found: 138; Please update to a Selenium version that supports CDP version 142
2025-12-05 22:48:59.355 INFO  c.k.k.core.webui.driver.DriverFactory    - sessionId = 2e41f8e78fda2c8773c5221127a0556e
2025-12-05 22:48:59.358 INFO  c.k.k.core.webui.driver.DriverFactory    - browser = Chrome 142.0.7444.177
2025-12-05 22:48:59.359 INFO  c.k.k.core.webui.driver.DriverFactory    - platform = Windows 11
2025-12-05 22:48:59.361 INFO  c.k.k.core.webui.driver.DriverFactory    - seleniumVersion = 4.28.1
2025-12-05 22:48:59.363 INFO  c.k.k.core.webui.driver.DriverFactory    - proxyInformation = ProxyInformation { proxyOption=NO_PROXY, proxyServerType=HTTP, username=, password=********, proxyServerAddress=, proxyServerPort=0, executionList="", isApplyToDesiredCapabilities=true }
2025-12-05 22:48:59.404 DEBUG testcase.login book store                - 2: navigateToUrl("https://demoqa.com/login")
2025-12-05 22:49:09.405 DEBUG testcase.login book store                - 3: setText(findTestObject("Page_DEMOQA/register bookstore/input_UserName"), username)
2025-12-05 22:49:11.773 DEBUG testcase.login book store                - 4: setText(findTestObject("Page_DEMOQA/register bookstore/input_Password"), password)
2025-12-05 22:49:12.671 DEBUG testcase.login book store                - 5: click(findTestObject("Page_DEMOQA/register bookstore/button_Password_login"))
2025-12-05 22:49:13.120 INFO  c.k.katalon.core.main.TestCaseExecutor   - END Test Cases/web testing/Bookstore (register, login, profile and bookstore)/login book store
2025-12-05 22:49:13.549 INFO  c.k.katalon.core.main.TestSuiteExecutor  - --------------------
2025-12-05 22:49:13.549 INFO  c.k.katalon.core.main.TestSuiteExecutor  - END Test Suites/register and login
2025-12-05 22:49:13.549 INFO  c.k.katalon.core.main.TestSuiteExecutor  - ====================
